<?xml version="1.0" encoding="UTF-8"?>
<testng-results ignored="0" total="9" passed="9" failed="0" skipped="0">
  <reporter-output>
  </reporter-output>
  <suite started-at="2024-08-11T13:32:29 TRT" name="Car Rental Test Suite" finished-at="2024-08-11T13:35:20 TRT" duration-ms="171246">
    <groups>
    </groups>
    <test started-at="2024-08-11T13:32:29 TRT" name="Car Rental Tests" finished-at="2024-08-11T13:35:20 TRT" duration-ms="171246">
      <class name="tests.SelectSuitableCarTest">
        <test-method is-config="true" signature="setUp()[pri:0, instance:tests.SelectSuitableCarTest@4331d187]" started-at="2024-08-11T13:32:29 TRT" name="setUp" finished-at="2024-08-11T13:32:42 TRT" duration-ms="13112" status="PASS">
          <reporter-output>
          </reporter-output>
        </test-method> <!-- setUp -->
        <test-method signature="selectSuitableCar()[pri:1, instance:tests.SelectSuitableCarTest@4331d187]" started-at="2024-08-11T13:32:42 TRT" name="selectSuitableCar" finished-at="2024-08-11T13:34:39 TRT" duration-ms="116705" status="PASS">
          <reporter-output>
          </reporter-output>
        </test-method> <!-- selectSuitableCar -->
        <test-method is-config="true" signature="beforeAllTests()[pri:0, instance:tests.SelectSuitableCarTest@4331d187]" started-at="2024-08-11T13:34:39 TRT" name="beforeAllTests" finished-at="2024-08-11T13:34:42 TRT" duration-ms="3579" status="PASS">
          <reporter-output>
          </reporter-output>
        </test-method> <!-- beforeAllTests -->
        <test-method signature="selectSuitablePromotionErr()[pri:2, instance:tests.SelectSuitableCarTest@4331d187]" started-at="2024-08-11T13:34:42 TRT" name="selectSuitablePromotionErr" finished-at="2024-08-11T13:35:16 TRT" duration-ms="33791" status="PASS">
          <reporter-output>
          </reporter-output>
        </test-method> <!-- selectSuitablePromotionErr -->
        <test-method is-config="true" signature="beforeAllTests()[pri:0, instance:tests.SelectSuitableCarTest@4331d187]" started-at="2024-08-11T13:35:16 TRT" name="beforeAllTests" finished-at="2024-08-11T13:35:20 TRT" duration-ms="3925" status="PASS">
          <reporter-output>
          </reporter-output>
        </test-method> <!-- beforeAllTests -->
        <test-method is-config="true" signature="tearDown()[pri:0, instance:tests.SelectSuitableCarTest@4331d187]" started-at="2024-08-11T13:35:20 TRT" name="tearDown" finished-at="2024-08-11T13:35:20 TRT" duration-ms="93" status="PASS">
          <reporter-output>
          </reporter-output>
        </test-method> <!-- tearDown -->
      </class> <!-- tests.SelectSuitableCarTest -->
      <class name="tests.ClickTabElementsTest">
        <test-method is-config="true" signature="setUp()[pri:0, instance:tests.ClickTabElementsTest@1608bcbd]" started-at="2024-08-11T13:32:29 TRT" name="setUp" finished-at="2024-08-11T13:32:44 TRT" duration-ms="15428" status="PASS">
          <reporter-output>
          </reporter-output>
        </test-method> <!-- setUp -->
        <test-method signature="setRezervationPage()[pri:1, instance:tests.ClickTabElementsTest@1608bcbd]" started-at="2024-08-11T13:32:44 TRT" name="setRezervationPage" finished-at="2024-08-11T13:33:10 TRT" duration-ms="25396" status="PASS">
          <reporter-output>
          </reporter-output>
        </test-method> <!-- setRezervationPage -->
        <test-method signature="setCampaignsPage()[pri:2, instance:tests.ClickTabElementsTest@1608bcbd]" started-at="2024-08-11T13:33:10 TRT" name="setCampaignsPage" finished-at="2024-08-11T13:33:13 TRT" duration-ms="3145" status="PASS">
          <reporter-output>
          </reporter-output>
        </test-method> <!-- setCampaignsPage -->
        <test-method signature="setOfficesPage()[pri:3, instance:tests.ClickTabElementsTest@1608bcbd]" started-at="2024-08-11T13:33:13 TRT" name="setOfficesPage" finished-at="2024-08-11T13:33:16 TRT" duration-ms="3122" status="PASS">
          <reporter-output>
          </reporter-output>
        </test-method> <!-- setOfficesPage -->
        <test-method signature="setFleetPage()[pri:4, instance:tests.ClickTabElementsTest@1608bcbd]" started-at="2024-08-11T13:33:16 TRT" name="setFleetPage" finished-at="2024-08-11T13:33:19 TRT" duration-ms="3112" status="PASS">
          <reporter-output>
          </reporter-output>
        </test-method> <!-- setFleetPage -->
        <test-method signature="setInvestorRelationsPage()[pri:5, instance:tests.ClickTabElementsTest@1608bcbd]" started-at="2024-08-11T13:33:19 TRT" name="setInvestorRelationsPage" finished-at="2024-08-11T13:33:23 TRT" duration-ms="3883" status="PASS">
          <reporter-output>
          </reporter-output>
        </test-method> <!-- setInvestorRelationsPage -->
        <test-method is-config="true" signature="tearDown()[pri:0, instance:tests.ClickTabElementsTest@1608bcbd]" started-at="2024-08-11T13:33:23 TRT" name="tearDown" finished-at="2024-08-11T13:33:23 TRT" duration-ms="82" status="PASS">
          <reporter-output>
          </reporter-output>
        </test-method> <!-- tearDown -->
      </class> <!-- tests.ClickTabElementsTest -->
      <class name="tests.InformationTest">
        <test-method is-config="true" signature="setUp()[pri:0, instance:tests.InformationTest@5bf8fa12]" started-at="2024-08-11T13:32:29 TRT" name="setUp" finished-at="2024-08-11T13:32:45 TRT" duration-ms="15669" status="PASS">
          <reporter-output>
          </reporter-output>
        </test-method> <!-- setUp -->
        <test-method signature="setInformationPage()[pri:1, instance:tests.InformationTest@5bf8fa12]" started-at="2024-08-11T13:32:45 TRT" name="setInformationPage" finished-at="2024-08-11T13:33:48 TRT" duration-ms="62911" status="PASS">
          <reporter-output>
          </reporter-output>
        </test-method> <!-- setInformationPage -->
        <test-method is-config="true" signature="beforeAllTests()[pri:0, instance:tests.InformationTest@5bf8fa12]" started-at="2024-08-11T13:33:48 TRT" name="beforeAllTests" finished-at="2024-08-11T13:33:51 TRT" duration-ms="3230" status="PASS">
          <reporter-output>
          </reporter-output>
        </test-method> <!-- beforeAllTests -->
        <test-method signature="blankErrInformationPage()[pri:2, instance:tests.InformationTest@5bf8fa12]" started-at="2024-08-11T13:33:51 TRT" name="blankErrInformationPage" finished-at="2024-08-11T13:34:42 TRT" duration-ms="51113" status="PASS">
          <reporter-output>
          </reporter-output>
        </test-method> <!-- blankErrInformationPage -->
        <test-method is-config="true" signature="beforeAllTests()[pri:0, instance:tests.InformationTest@5bf8fa12]" started-at="2024-08-11T13:34:42 TRT" name="beforeAllTests" finished-at="2024-08-11T13:34:45 TRT" duration-ms="3166" status="PASS">
          <reporter-output>
          </reporter-output>
        </test-method> <!-- beforeAllTests -->
        <test-method is-config="true" signature="tearDown()[pri:0, instance:tests.InformationTest@5bf8fa12]" started-at="2024-08-11T13:34:45 TRT" name="tearDown" finished-at="2024-08-11T13:34:45 TRT" duration-ms="76" status="PASS">
          <reporter-output>
          </reporter-output>
        </test-method> <!-- tearDown -->
      </class> <!-- tests.InformationTest -->
    </test> <!-- Car Rental Tests -->
  </suite> <!-- Car Rental Test Suite -->
</testng-results>
