<?xml version="1.0" encoding="UTF-8"?>
<!-- Generated by org.testng.reporters.JUnitXMLReporter -->
<testsuite ignored="0" hostname="LAPTOP-L503GL8K" failures="0" tests="9" name="Car Rental Tests" time="171.246" errors="0" timestamp="2024-08-11T13:35:20 TRT">
  <testcase classname="tests.ClickTabElementsTest" name="setRezervationPage" time="25.396"/>
  <testcase classname="tests.ClickTabElementsTest" name="setCampaignsPage" time="3.145"/>
  <testcase classname="tests.ClickTabElementsTest" name="setOfficesPage" time="3.122"/>
  <testcase classname="tests.ClickTabElementsTest" name="setFleetPage" time="3.112"/>
  <testcase classname="tests.ClickTabElementsTest" name="setInvestorRelationsPage" time="3.883"/>
  <testcase classname="tests.InformationTest" name="setInformationPage" time="62.911"/>
  <testcase classname="tests.SelectSuitableCarTest" name="selectSuitableCar" time="116.705"/>
  <testcase classname="tests.InformationTest" name="blankErrInformationPage" time="51.113"/>
  <testcase classname="tests.SelectSuitableCarTest" name="selectSuitablePromotionErr" time="33.791"/>
</testsuite> <!-- Car Rental Tests -->
