<?xml version="1.0" encoding="UTF-8"?>
<!-- Generated by org.testng.reporters.JUnitXMLReporter -->
<testsuite ignored="0" hostname="LAPTOP-L503GL8K" failures="0" tests="9" name="Car Rental Tests" time="157.81" errors="0" timestamp="2024-08-06T15:16:35 TRT">
  <testcase classname="tests.ClickTabElementsTest" name="setRezervationPage" time="10.893"/>
  <testcase classname="tests.ClickTabElementsTest" name="setCampaignsPage" time="3.148"/>
  <testcase classname="tests.ClickTabElementsTest" name="setOfficesPage" time="3.127"/>
  <testcase classname="tests.ClickTabElementsTest" name="setFleetPage" time="3.114"/>
  <testcase classname="tests.ClickTabElementsTest" name="setInvestorRelationsPage" time="29.027"/>
  <testcase classname="tests.InformationTest" name="setInformationPage" time="92.464"/>
  <testcase classname="tests.SelectSuitableCarTest" name="selectSuitableCar" time="101.26"/>
  <testcase classname="tests.InformationTest" name="blankErrInformationPage" time="50.028"/>
  <testcase classname="tests.SelectSuitableCarTest" name="selectSuitablePromotionErr" time="33.999"/>
</testsuite> <!-- Car Rental Tests -->
